#
# A fatal error has been detected by the Java Runtime Environment:
#
#  EXCEPTION_ACCESS_VIOLATION (0xc0000005) at pc=0x00000000037f0a0c, pid=2168, tid=2360
#
# JRE version: Java(TM) SE Runtime Environment (8.0_60-b27) (build 1.8.0_60-b27)
# Java VM: Java HotSpot(TM) 64-Bit Server VM (25.60-b23 mixed mode windows-amd64 compressed oops)
# Problematic frame:
# J 1644 C1 org.springframework.beans.factory.support.AbstractAutowireCapableBeanFactory.getTypeForFactoryMethod(Ljava/lang/String;Lorg/springframework/beans/factory/support/RootBeanDefinition;[Ljava/lang/Class;)Ljava/lang/Class; (442 bytes) @ 0x00000000037f0a0c [0x00000000037f01e0+0x82c]
#
# Failed to write core dump. Minidumps are not enabled by default on client versions of Windows
#
# If you would like to submit a bug report, please visit:
#   http://bugreport.java.com/bugreport/crash.jsp
#

---------------  T H R E A D  ---------------

Current thread (0x0000000003124000):  JavaThread "main" [_thread_in_Java, id=2360, stack(0x0000000003020000,0x0000000003120000)]

siginfo: ExceptionCode=0xc0000005, reading address 0x0000000000000010

Registers:
RAX=0x0000000000000000, RBX=0x00000007c002c898, RCX=0x00000000229400e0, RDX=0x000000076e0750e0
RSP=0x000000000311e910, RBP=0x000000000311ece8, RSI=0x0000000000000000, RDI=0x0000000000000000
R8 =0x00000000228eaae0, R9 =0x000000076e074f68, R10=0x00000007c002c898, R11=0x0000000000000026
R12=0x0000000000000000, R13=0x00000000037f073c, R14=0x000000000311e900, R15=0x0000000003124000
RIP=0x00000000037f0a0c, EFLAGS=0x0000000000010246

Top of Stack: (sp=0x000000000311e910)
0x000000000311e910:   00000007c0000208 000000076e0746a0
0x000000000311e920:   000000000311e9d8 00000000037ee6d4
0x000000000311e930:   000000000311e998 000000076e074a60
0x000000000311e940:   000000076ed886b0 00000000037ef978
0x000000000311e950:   000000076c209e88 000000076e074f68
0x000000000311e960:   000000076dff19d0 0000000000000000
0x000000000311e970:   000000000311e9d8 0000000003227ced
0x000000000311e980:   0000000003227ced 000000076dff19d0
0x000000000311e990:   000000076e074f68 000000000311e998
0x000000000311e9a0:   000000076ef0ec28 00000000037ef978
0x000000000311e9b0:   000000076e074f10 0000000000000000
0x000000000311e9c0:   00000000228de580 0000000000000000
0x000000000311e9d0:   000000000311ece8 000000000372014c
0x000000000311e9e0:   0000000003227ced 000000076dff19d0
0x000000000311e9f0:   000000076e074f68 000000076e074f68
0x000000000311ea00:   000000076edb0840 000000076c209e88 

Instructions: (pc=0x00000000037f0a0c)
0x00000000037f09ec:   00 00 90 90 90 90 90 90 90 48 b8 98 c8 02 c0 07
0x00000000037f09fc:   00 00 00 e8 1c e5 cc ff 48 8b bc 24 10 01 00 00
0x00000000037f0a0c:   8b 57 10 48 c1 e2 03 48 3b 02 48 8b f2 48 bf e0
0x00000000037f0a1c:   00 94 22 00 00 00 00 8b 76 08 48 c1 e6 03 48 3b 


Register to memory mapping:

RAX=0x0000000000000000 is an unknown value
RBX=0x00000007c002c898 is pointing into metadata
RCX=0x00000000229400e0 is pointing into metadata
RDX=0x000000076e0750e0 is an oop
java.util.LinkedHashMap 
 - klass: 'java/util/LinkedHashMap'
RSP=0x000000000311e910 is pointing into the stack for thread: 0x0000000003124000
RBP=0x000000000311ece8 is pointing into the stack for thread: 0x0000000003124000
RSI=0x0000000000000000 is an unknown value
RDI=0x0000000000000000 is an unknown value
R8 =0x00000000228eaae0 is pointing into metadata
R9 =0x000000076e074f68 is an oop
org.springframework.context.annotation.ConfigurationClassBeanDefinitionReader$ConfigurationClassBeanDefinition 
 - klass: 'org/springframework/context/annotation/ConfigurationClassBeanDefinitionReader$ConfigurationClassBeanDefinition'
R10=0x00000007c002c898 is pointing into metadata
R11=0x0000000000000026 is an unknown value
R12=0x0000000000000000 is an unknown value
R13=0x00000000037f073c is at entry_point+1372 in (nmethod*)0x00000000037efcd0
R14=0x000000000311e900 is pointing into the stack for thread: 0x0000000003124000
R15=0x0000000003124000 is a thread


Stack: [0x0000000003020000,0x0000000003120000],  sp=0x000000000311e910,  free space=1018k
Native frames: (J=compiled Java code, j=interpreted, Vv=VM code, C=native code)
C  0x00000000037f0a0c


---------------  P R O C E S S  ---------------

Java Threads: ( => current thread )
  0x000000001f9e7800 JavaThread "RMI TCP Accept-0" daemon [_thread_in_native, id=7560, stack(0x0000000020270000,0x0000000020370000)]
  0x000000001f923000 JavaThread "RMI TCP Accept-32602" daemon [_thread_in_native, id=7220, stack(0x0000000020170000,0x0000000020270000)]
  0x000000001f94a800 JavaThread "RMI TCP Accept-0" daemon [_thread_in_native, id=1744, stack(0x0000000020070000,0x0000000020170000)]
  0x000000001ee7a800 JavaThread "Service Thread" daemon [_thread_blocked, id=2500, stack(0x000000001f740000,0x000000001f840000)]
  0x000000001ede4800 JavaThread "C1 CompilerThread3" daemon [_thread_blocked, id=4168, stack(0x000000001f640000,0x000000001f740000)]
  0x000000001edd2000 JavaThread "C2 CompilerThread2" daemon [_thread_in_native, id=5728, stack(0x000000001f540000,0x000000001f640000)]
  0x000000001ccfd000 JavaThread "C2 CompilerThread1" daemon [_thread_in_native, id=496, stack(0x000000001f440000,0x000000001f540000)]
  0x000000001ccfb000 JavaThread "C2 CompilerThread0" daemon [_thread_blocked, id=3280, stack(0x000000001f340000,0x000000001f440000)]
  0x000000001edd0000 JavaThread "Attach Listener" daemon [_thread_blocked, id=1400, stack(0x000000001f240000,0x000000001f340000)]
  0x000000001edcf800 JavaThread "Signal Dispatcher" daemon [_thread_blocked, id=3776, stack(0x000000001f140000,0x000000001f240000)]
  0x000000000321d800 JavaThread "Finalizer" daemon [_thread_blocked, id=4772, stack(0x000000001ebe0000,0x000000001ece0000)]
  0x000000001cced000 JavaThread "Reference Handler" daemon [_thread_blocked, id=5260, stack(0x000000001eae0000,0x000000001ebe0000)]
=>0x0000000003124000 JavaThread "main" [_thread_in_Java, id=2360, stack(0x0000000003020000,0x0000000003120000)]

Other Threads:
  0x000000001cce8800 VMThread [stack: 0x000000001e9e0000,0x000000001eae0000] [id=2764]
  0x000000001f9fb800 WatcherThread [stack: 0x0000000020370000,0x0000000020470000] [id=1408]

VM state:not at safepoint (normal execution)

VM Mutex/Monitor currently owned by a thread: None

Heap:
 PSYoungGen      total 76288K, used 61435K [0x000000076ad80000, 0x0000000770280000, 0x00000007c0000000)
  eden space 65536K, 80% used [0x000000076ad80000,0x000000076e130720,0x000000076ed80000)
  from space 10752K, 79% used [0x000000076ed80000,0x000000076f5ce5d8,0x000000076f800000)
  to   space 10752K, 0% used [0x000000076f800000,0x000000076f800000,0x0000000770280000)
 ParOldGen       total 175104K, used 24K [0x00000006c0800000, 0x00000006cb300000, 0x000000076ad80000)
  object space 175104K, 0% used [0x00000006c0800000,0x00000006c0806000,0x00000006cb300000)
 Metaspace       used 14978K, capacity 15202K, committed 15488K, reserved 1062912K
  class space    used 1874K, capacity 1897K, committed 1920K, reserved 1048576K

Card table byte_map: [0x00000000125e0000,0x0000000012de0000] byte_map_base: 0x000000000efdc000

Marking Bits: (ParMarkBitMap*) 0x0000000077f7a5b0
 Begin Bits: [0x0000000013b40000, 0x0000000017b20000)
 End Bits:   [0x0000000017b20000, 0x000000001bb00000)

Polling page: 0x00000000013b0000

CodeCache: size=245760Kb used=6145Kb max_used=6166Kb free=239614Kb
 bounds [0x0000000003220000, 0x0000000003830000, 0x0000000012220000]
 total_blobs=2031 nmethods=1673 adapters=270
 compilation: enabled

Compilation events (10 events):
Event: 0.990 Thread 0x000000001ccfd000 1282       4       java.lang.String::trim (77 bytes)
Event: 0.990 Thread 0x000000001ede4800 nmethod 1674 0x000000000380d850 code [0x000000000380d9c0, 0x000000000380dbe8]
Event: 0.991 Thread 0x000000001ccfd000 nmethod 1282 0x000000000380d4d0 code [0x000000000380d620, 0x000000000380d738]
Event: 0.991 Thread 0x000000001ccfd000 1106       4       org.springframework.boot.autoconfigure.AutoConfigurationSorter$AutoConfigurationClass::getBefore (8 bytes)
Event: 0.991 Thread 0x000000001ede4800 1675       3       org.springframework.boot.autoconfigure.condition.OnBeanCondition$BeanSearchSpec::collect (59 bytes)
Event: 0.992 Thread 0x000000001ede4800 nmethod 1675 0x000000000380f2d0 code [0x000000000380f4a0, 0x000000000380fc08]
Event: 0.992 Thread 0x000000001ede4800 1676       3       org.springframework.beans.factory.support.AbstractBeanFactory::getType (234 bytes)
Event: 0.993 Thread 0x000000001ede4800 nmethod 1676 0x000000000381b490 code [0x000000000381b860, 0x000000000381e2b8]
Event: 0.996 Thread 0x000000001ccfb000 nmethod 1105 0x000000000381f050 code [0x000000000381f600, 0x0000000003824c18]
Event: 0.996 Thread 0x000000001ccfb000 1677       4       java.util.HashSet::iterator (13 bytes)

GC Heap History (2 events):
Event: 0.709 GC heap before
{Heap before GC invocations=1 (full 0):
 PSYoungGen      total 76288K, used 65536K [0x000000076ad80000, 0x0000000770280000, 0x00000007c0000000)
  eden space 65536K, 100% used [0x000000076ad80000,0x000000076ed80000,0x000000076ed80000)
  from space 10752K, 0% used [0x000000076f800000,0x000000076f800000,0x0000000770280000)
  to   space 10752K, 0% used [0x000000076ed80000,0x000000076ed80000,0x000000076f800000)
 ParOldGen       total 175104K, used 0K [0x00000006c0800000, 0x00000006cb300000, 0x000000076ad80000)
  object space 175104K, 0% used [0x00000006c0800000,0x00000006c0800000,0x00000006cb300000)
 Metaspace       used 12847K, capacity 13066K, committed 13184K, reserved 1060864K
  class space    used 1586K, capacity 1637K, committed 1664K, reserved 1048576K
Event: 0.716 GC heap after
Heap after GC invocations=1 (full 0):
 PSYoungGen      total 76288K, used 8505K [0x000000076ad80000, 0x0000000770280000, 0x00000007c0000000)
  eden space 65536K, 0% used [0x000000076ad80000,0x000000076ad80000,0x000000076ed80000)
  from space 10752K, 79% used [0x000000076ed80000,0x000000076f5ce5d8,0x000000076f800000)
  to   space 10752K, 0% used [0x000000076f800000,0x000000076f800000,0x0000000770280000)
 ParOldGen       total 175104K, used 24K [0x00000006c0800000, 0x00000006cb300000, 0x000000076ad80000)
  object space 175104K, 0% used [0x00000006c0800000,0x00000006c0806000,0x00000006cb300000)
 Metaspace       used 12847K, capacity 13066K, committed 13184K, reserved 1060864K
  class space    used 1586K, capacity 1637K, committed 1664K, reserved 1048576K
}

Deoptimization events (10 events):
Event: 0.674 Thread 0x0000000003124000 Uncommon trap: reason=unstable_if action=reinterpret pc=0x000000000348af94 method=java.util.zip.ZipCoder.getBytes(Ljava/lang/String;)[B @ 32
Event: 0.674 Thread 0x0000000003124000 Uncommon trap: reason=unstable_if action=reinterpret pc=0x000000000346733c method=java.util.zip.ZipCoder.getBytes(Ljava/lang/String;)[B @ 32
Event: 0.675 Thread 0x0000000003124000 Uncommon trap: reason=unstable_if action=reinterpret pc=0x00000000034416c4 method=java.lang.AbstractStringBuilder.append(Ljava/lang/String;)Ljava/lang/AbstractStringBuilder; @ 1
Event: 0.676 Thread 0x0000000003124000 Uncommon trap: reason=unstable_if action=reinterpret pc=0x00000000034258b4 method=java.lang.AbstractStringBuilder.append(Ljava/lang/String;)Ljava/lang/AbstractStringBuilder; @ 1
Event: 0.676 Thread 0x0000000003124000 Uncommon trap: reason=class_check action=maybe_recompile pc=0x000000000364013c method=java.util.AbstractCollection.isEmpty()Z @ 1
Event: 0.676 Thread 0x0000000003124000 Uncommon trap: reason=class_check action=maybe_recompile pc=0x000000000364013c method=java.util.AbstractCollection.isEmpty()Z @ 1
Event: 0.677 Thread 0x0000000003124000 Uncommon trap: reason=class_check action=maybe_recompile pc=0x000000000364013c method=java.util.AbstractCollection.isEmpty()Z @ 1
Event: 0.677 Thread 0x0000000003124000 Uncommon trap: reason=class_check action=maybe_recompile pc=0x000000000364013c method=java.util.AbstractCollection.isEmpty()Z @ 1
Event: 0.915 Thread 0x0000000003124000 Uncommon trap: reason=unstable_if action=reinterpret pc=0x0000000003791ab4 method=java.util.HashMap.remove(Ljava/lang/Object;)Ljava/lang/Object; @ 14
Event: 0.974 Thread 0x0000000003124000 Uncommon trap: reason=unstable_if action=reinterpret pc=0x00000000037ffac8 method=org.springframework.core.type.classreading.AnnotationReadingVisitorUtils.getMergedAnnotationAttributes(Lorg/springframework/util/LinkedMultiValueMap;Ljava/util/Map;Ljava/lang§Kœœ¯Žå?

Internal exceptions (10 events):
Event: 0.393 Thread 0x0000000003124000 Exception <a 'java/io/FileNotFoundException'> (0x000000076c4a2900) thrown at [C:\re\workspace\8-2-build-windows-amd64-cygwin\jdk8u60\4407\hotspot\src\share\vm\prims\jni.cpp, line 709]
Event: 0.413 Thread 0x0000000003124000 Exception <a 'java/lang/ClassNotFoundException': org/springframework/boot/SpringApplicationBeanInfo> (0x000000076c6e3a90) thrown at [C:\re\workspace\8-2-build-windows-amd64-cygwin\jdk8u60\4407\hotspot\src\share\vm\classfile\systemDictionary.cpp, line 210]
Event: 0.413 Thread 0x0000000003124000 Exception <a 'java/lang/ClassNotFoundException': java/lang/ObjectBeanInfo> (0x000000076c6e8d50) thrown at [C:\re\workspace\8-2-build-windows-amd64-cygwin\jdk8u60\4407\hotspot\src\share\vm\classfile\systemDictionary.cpp, line 210]
Event: 0.413 Thread 0x0000000003124000 Exception <a 'java/lang/ClassNotFoundException': java/lang/ObjectCustomizer> (0x000000076c6ee108) thrown at [C:\re\workspace\8-2-build-windows-amd64-cygwin\jdk8u60\4407\hotspot\src\share\vm\classfile\systemDictionary.cpp, line 210]
Event: 0.415 Thread 0x0000000003124000 Exception <a 'java/lang/ClassNotFoundException': org/springframework/boot/SpringApplicationCustomizer> (0x000000076c704388) thrown at [C:\re\workspace\8-2-build-windows-amd64-cygwin\jdk8u60\4407\hotspot\src\share\vm\classfile\systemDictionary.cpp, line 210
Event: 0.509 Thread 0x0000000003124000 Implicit null exception at 0x00000000034ebed5 to 0x00000000034ec0f9
Event: 0.675 Thread 0x0000000003124000 Implicit null exception at 0x0000000003441356 to 0x00000000034416ad
Event: 0.676 Thread 0x0000000003124000 Implicit null exception at 0x0000000003425556 to 0x000000000342589d
Event: 0.915 Thread 0x0000000003124000 Implicit null exception at 0x000000000378ef66 to 0x0000000003791a8f
Event: 0.999 Thread 0x0000000003124000 Implicit null exception at 0x00000000037f0a0c to 0x0000000000000000

Events (10 events):
Event: 0.997 loading class org/springframework/boot/actuate/endpoint/MetricsEndpoint
Event: 0.997 loading class org/springframework/boot/actuate/endpoint/MetricsEndpoint done
Event: 0.997 loading class org/springframework/boot/actuate/endpoint/TraceEndpoint
Event: 0.997 loading class org/springframework/boot/actuate/endpoint/TraceEndpoint done
Event: 0.997 loading class org/springframework/boot/actuate/endpoint/HealthEndpoint
Event: 0.997 loading class org/springframework/boot/actuate/endpoint/HealthEndpoint done
Event: 0.998 loading class org/springframework/boot/actuate/endpoint/AutoConfigurationReportEndpoint
Event: 0.998 loading class org/springframework/boot/actuate/endpoint/AutoConfigurationReportEndpoint done
Event: 0.998 loading class org/springframework/boot/actuate/endpoint/EnvironmentEndpoint
Event: 0.998 loading class org/springframework/boot/actuate/endpoint/EnvironmentEndpoint done


Dynamic libraries:
0x00007ff63ef80000 - 0x00007ff63efb7000 	C:\Program Files\Java\jdk1.8.0_60\bin\javaw.exe
0x00007ffaa08c0000 - 0x00007ffaa0a81000 	C:\WINDOWS\SYSTEM32\ntdll.dll
0x00007ffa9dfb0000 - 0x00007ffa9e05d000 	C:\WINDOWS\system32\KERNEL32.DLL
0x00007ffa9ddb0000 - 0x00007ffa9df8d000 	C:\WINDOWS\system32\KERNELBASE.dll
0x00007ffa9e450000 - 0x00007ffa9e4f6000 	C:\WINDOWS\system32\ADVAPI32.dll
0x00007ffaa03f0000 - 0x00007ffaa048d000 	C:\WINDOWS\system32\msvcrt.dll
0x00007ffa9e210000 - 0x00007ffa9e26b000 	C:\WINDOWS\system32\sechost.dll
0x00007ffa9ecd0000 - 0x00007ffa9edf6000 	C:\WINDOWS\system32\RPCRT4.dll
0x00007ffa9e720000 - 0x00007ffa9e86e000 	C:\WINDOWS\system32\USER32.dll
0x00007ffaa0500000 - 0x00007ffaa0686000 	C:\WINDOWS\system32\GDI32.dll
0x00007ffa95b20000 - 0x00007ffa95d94000 	C:\WINDOWS\WinSxS\amd64_microsoft.windows.common-controls_6595b64144ccf1df_6.0.10240.16384_none_f41f7b285750ef43\COMCTL32.dll
0x00007ffa9e6e0000 - 0x00007ffa9e716000 	C:\WINDOWS\system32\IMM32.DLL
0x00007ffa9e270000 - 0x00007ffa9e3cc000 	C:\WINDOWS\system32\MSCTF.dll
0x0000000050240000 - 0x0000000050312000 	C:\Program Files\Java\jdk1.8.0_60\jre\bin\msvcr100.dll
0x0000000077770000 - 0x0000000077ff9000 	C:\Program Files\Java\jdk1.8.0_60\jre\bin\server\jvm.dll
0x00007ffa9e3d0000 - 0x00007ffa9e3d8000 	C:\WINDOWS\system32\PSAPI.DLL
0x00007ffa9b470000 - 0x00007ffa9b493000 	C:\WINDOWS\SYSTEM32\WINMM.dll
0x00007ffa9abc0000 - 0x00007ffa9abca000 	C:\WINDOWS\SYSTEM32\VERSION.dll
0x00007ffa930e0000 - 0x00007ffa930e9000 	C:\WINDOWS\SYSTEM32\WSOCK32.dll
0x00007ffaa0490000 - 0x00007ffaa04f9000 	C:\WINDOWS\system32\WS2_32.dll
0x00007ffa9ecc0000 - 0x00007ffa9ecc8000 	C:\WINDOWS\system32\NSI.dll
0x00007ffa9b410000 - 0x00007ffa9b43c000 	C:\WINDOWS\SYSTEM32\WINMMBASE.dll
0x00007ffa9d390000 - 0x00007ffa9d3d4000 	C:\WINDOWS\system32\cfgmgr32.dll
0x00007ffa9bc60000 - 0x00007ffa9bc87000 	C:\WINDOWS\SYSTEM32\DEVOBJ.dll
0x0000000050600000 - 0x000000005060f000 	C:\Program Files\Java\jdk1.8.0_60\jre\bin\verify.dll
0x0000000050210000 - 0x0000000050239000 	C:\Program Files\Java\jdk1.8.0_60\jre\bin\java.dll
0x00000000501f0000 - 0x0000000050206000 	C:\Program Files\Java\jdk1.8.0_60\jre\bin\zip.dll
0x00007ffa9eec0000 - 0x00007ffaa03e2000 	C:\WINDOWS\system32\SHELL32.dll
0x00007ffa9d610000 - 0x00007ffa9dc39000 	C:\WINDOWS\system32\windows.storage.dll
0x00007ffa9e870000 - 0x00007ffa9eaec000 	C:\WINDOWS\system32\combase.dll
0x00007ffa9eba0000 - 0x00007ffa9ebf1000 	C:\WINDOWS\system32\shlwapi.dll
0x00007ffa9d310000 - 0x00007ffa9d31f000 	C:\WINDOWS\system32\kernel.appcore.dll
0x00007ffa9dcf0000 - 0x00007ffa9dda3000 	C:\WINDOWS\system32\shcore.dll
0x00007ffa9d340000 - 0x00007ffa9d38a000 	C:\WINDOWS\system32\powrprof.dll
0x00007ffa9d2f0000 - 0x00007ffa9d303000 	C:\WINDOWS\system32\profapi.dll
0x0000000050580000 - 0x000000005058d000 	C:\Program Files\Java\jdk1.8.0_60\jre\bin\management.dll
0x00000000501d0000 - 0x00000000501ea000 	C:\Program Files\Java\jdk1.8.0_60\jre\bin\net.dll
0x00007ffa9cb60000 - 0x00007ffa9cbbd000 	C:\WINDOWS\system32\mswsock.dll
0x00000000501b0000 - 0x00000000501c1000 	C:\Program Files\Java\jdk1.8.0_60\jre\bin\nio.dll
0x00007ffa988e0000 - 0x00007ffa988f5000 	C:\WINDOWS\system32\napinsp.dll
0x00007ffa98870000 - 0x00007ffa9888a000 	C:\WINDOWS\system32\pnrpnsp.dll
0x00007ffa990b0000 - 0x00007ffa990c8000 	C:\WINDOWS\system32\NLAapi.dll
0x00007ffa9c920000 - 0x00007ffa9c9c8000 	C:\WINDOWS\SYSTEM32\DNSAPI.dll
0x00007ffa98700000 - 0x00007ffa9870d000 	C:\WINDOWS\System32\winrnr.dll
0x00007ffa95730000 - 0x00007ffa9573a000 	C:\Windows\System32\rasadhlp.dll
0x00007ffa9ad70000 - 0x00007ffa9ada8000 	C:\WINDOWS\SYSTEM32\IPHLPAPI.DLL
0x00007ffa9ad50000 - 0x00007ffa9ad5b000 	C:\WINDOWS\SYSTEM32\WINNSI.DLL
0x00007ffa97430000 - 0x00007ffa97498000 	C:\WINDOWS\System32\fwpuclnt.dll
0x00007ffa9ce30000 - 0x00007ffa9ce58000 	C:\WINDOWS\SYSTEM32\bcrypt.dll
0x00007ffa9cbc0000 - 0x00007ffa9cbd7000 	C:\WINDOWS\SYSTEM32\CRYPTSP.dll
0x00007ffa9c810000 - 0x00007ffa9c843000 	C:\WINDOWS\system32\rsaenh.dll
0x00007ffa9c900000 - 0x00007ffa9c91f000 	C:\WINDOWS\SYSTEM32\USERENV.dll
0x00007ffa9d140000 - 0x00007ffa9d1ab000 	C:\WINDOWS\system32\bcryptprimitives.dll
0x00007ffa9cd30000 - 0x00007ffa9cd3b000 	C:\WINDOWS\SYSTEM32\CRYPTBASE.dll
0x00007ffa97c90000 - 0x00007ffa97ca6000 	C:\WINDOWS\SYSTEM32\dhcpcsvc6.DLL
0x00007ffa97c70000 - 0x00007ffa97c8a000 	C:\WINDOWS\SYSTEM32\dhcpcsvc.DLL
0x00007ffa990d0000 - 0x00007ffa9925a000 	C:\WINDOWS\SYSTEM32\dbghelp.dll

VM Arguments:
jvm_args: -Dcom.sun.management.jmxremote -Dcom.sun.management.jmxremote.port=32602 -Dcom.sun.management.jmxremote.authenticate=false -Dcom.sun.management.jmxremote.ssl=false -Dspring.liveBeansView.mbeanDomain -Dspring.application.admin.enabled=true -Dfile.encoding=UTF-8 
java_command: com.restfulWS.maven.nobit.App
java_class_path (initial): I:\Eclipse-workspace\nobit\target\classes;C:\Users\joooo\.m2\repository\org\springframework\boot\spring-boot-starter-web\1.2.7.RELEASE\spring-boot-starter-web-1.2.7.RELEASE.jar;C:\Users\joooo\.m2\repository\org\springframework\boot\spring-boot-starter\1.2.7.RELEASE\spring-boot-starter-1.2.7.RELEASE.jar;C:\Users\joooo\.m2\repository\org\springframework\boot\spring-boot\1.2.7.RELEASE\spring-boot-1.2.7.RELEASE.jar;C:\Users\joooo\.m2\repository\org\springframework\boot\spring-boot-autoconfigure\1.2.7.RELEASE\spring-boot-autoconfigure-1.2.7.RELEASE.jar;C:\Users\joooo\.m2\repository\org\springframework\boot\spring-boot-starter-logging\1.2.7.RELEASE\spring-boot-starter-logging-1.2.7.RELEASE.jar;C:\Users\joooo\.m2\repository\org\slf4j\jul-to-slf4j\1.7.12\jul-to-slf4j-1.7.12.jar;C:\Users\joooo\.m2\repository\org\slf4j\log4j-over-slf4j\1.7.12\log4j-over-slf4j-1.7.12.jar;C:\Users\joooo\.m2\repository\ch\qos\logback\logback-classic\1.1.3\logback-classic-1.1.3.jar;C:\Users\joooo\.m2\repository\ch\qos\logback\logback-core\1.1.3\logback-core-1.1.3.jar;C:\Users\joooo\.m2\repository\org\yaml\snakeyaml\1.14\snakeyaml-1.14.jar;C:\Users\joooo\.m2\repository\org\springframework\boot\spring-boot-starter-tomcat\1.2.7.RELEASE\spring-boot-starter-tomcat-1.2.7.RELEASE.jar;C:\Users\joooo\.m2\repository\org\apache\tomcat\embed\tomcat-embed-core\8.0.28\tomcat-embed-core-8.0.28.jar;C:\Users\joooo\.m2\repository\org\apache\tomcat\embed\tomcat-embed-el\8.0.28\tomcat-embed-el-8.0.28.jar;C:\Users\joooo\.m2\repository\org\apache\tomcat\embed\tomcat-embed-logging-juli\8.0.28\tomcat-embed-logging-juli-8.0.28.jar;C:\Users\joooo\.m2\repository\org\apache\tomcat\embed\tomcat-embed-websocket\8.0.28\tomcat-embed-websocket-8.0.28.jar;C:\Users\joooo\.m2\repository\com\fasterxml\jackson\core\jackson-databind\2.4.6\jackson-databind-2.4.6.jar;C:\Users\joooo\.m2\repository\com\fasterxml\jackson\core\jackson-annotations\2.4.0\jackson-annotations-2.4.0.jar;C:\Users\joooo\.m2\repository\
Launcher Type: SUN_STANDARD

Environment Variables:
JAVA_HOME=C:\Program Files\Java\jdk1.8.0_60
CLASSPATH=C:\Program Files\Java\jdk1.8.0_60\lib\dt.jar;C:\Program Files\Java\jdk1.8.0_60\lib\tools.jar;
PATH=C:/Program Files/Java/jre1.8.0_60/bin/server;C:/Program Files/Java/jre1.8.0_60/bin;C:/Program Files/Java/jre1.8.0_60/lib/amd64;C:\ProgramData\Oracle\Java\javapath;C:\WINDOWS\system32;C:\WINDOWS;C:\WINDOWS\System32\Wbem;C:\WINDOWS\System32\WindowsPowerShell\v1.0\;C:\Program Files (x86)\ATI Technologies\ATI.ACE\Core-Static;C:\Program Files\Java\jdk1.8.0_60\bin;C:\Program Files\Java\jdk1.8.0_60\jre\bin;I:\¡¾AA-¼¼ÊõÔúÎ÷¡¿\webservice\apache-cxf-3.1.3\bin;C:\Program Files (x86)\Nmap;C:\Users\joooo\Desktop\eclipse;
USERNAME=joooo
OS=Windows_NT
PROCESSOR_IDENTIFIER=Intel64 Family 6 Model 60 Stepping 3, GenuineIntel



---------------  S Y S T E M  ---------------

OS: Windows 10.0 , 64 bit Build 10240 (10.0.10240.16384)

CPU:total 8 (4 cores per cpu, 2 threads per core) family 6 model 60 stepping 3, cmov, cx8, fxsr, mmx, sse, sse2, sse3, ssse3, sse4.1, sse4.2, popcnt, avx, avx2, aes, clmul, erms, lzcnt, ht, tsc, tscinvbit, bmi1, bmi2

Memory: 4k page, physical 16736264k(12696404k free), swap 17784840k(12097324k free)

vm_info: Java HotSpot(TM) 64-Bit Server VM (25.60-b23) for windows-amd64 JRE (1.8.0_60-b27), built on Aug  4 2015 11:06:27 by "java_re" with MS VC++ 10.0 (VS2010)

time: Thu Oct 29 12:17:20 2015
elapsed time: 1 seconds (0d 0h 0m 1s)

